<?xml version="1.0" encoding="UTF-8"?>
<testsuite name="co.com.calidad.screenplay.moduloCalidad.runners.DeleteSubjectRunner" tests="0" skipped="0" failures="0" errors="0" timestamp="1970-01-01T00:00:00" hostname="lucas" time="0.0">
  <properties/>
  <system-out><![CDATA[]]></system-out>
  <system-err><![CDATA[[Test worker] INFO  - Test Suite Started: Delete a subject
[Test worker] INFO  - Test Suite Started: Delete a subject
]]></system-err>
</testsuite>
