<?xml version="1.0" encoding="UTF-8"?>
<testsuite name="Delete a subject" tests="1" skipped="0" failures="0" errors="0" timestamp="2024-11-11T21:10:23" hostname="LUCAS" time="6.255">
  <properties/>
  <testcase name="The user successfully deletes a course" classname="Delete a subject" time="6.255"/>
  <system-out><![CDATA[Token: eyJhbGciOiJIUzUxMiJ9.eyJzdWIiOiJ2aWN0b3IiLCJyb2xlIjoiW2FkbWluXSIsImlhdCI6MTczMTM1OTQyNiwiZXhwIjoxNzMxMzk1NDI2fQ.qBzcTbRUeQlsvYJ3kLUBAxQU6F1-vooMQxxDWc4snEyTXojFMRPFWqikfVK4CONyrWjgmMLYOkkiRDB9IVY9CA
]]></system-out>
  <system-err><![CDATA[[Test worker] INFO  - 
  _____   ___   ___   _____     ___   _____     _     ___   _____   ___   ___  
 |_   _| | __| / __| |_   _|   / __| |_   _|   /_\   | _ \ |_   _| | __| |   \ 
   | |   | _|  \__ \   | |     \__ \   | |    / _ \  |   /   | |   | _|  | |) |
   |_|   |___| |___/   |_|     |___/   |_|   /_/ \_\ |_|_\   |_|   |___| |___/ 

The user successfully deletes a course(delete-a-subject;the-user-successfully-deletes-a-course)
--------------------------------------------------------------------------------
[Test worker] INFO  - 
  _____   ___   ___   _____     ___     _     ___   ___   ___   ___  
 |_   _| | __| / __| |_   _|   | _ \   /_\   / __| / __| | __| |   \ 
   | |   | _|  \__ \   | |     |  _/  / _ \  \__ \ \__ \ | _|  | |) |
   |_|   |___| |___/   |_|     |_|   /_/ \_\ |___/ |___/ |___| |___/ 

The user successfully deletes a course
----------------------------------------------------------------------
]]></system-err>
</testsuite>
