<?xml version="1.0" encoding="UTF-8"?>
<testsuite name="Consult subject information" tests="3" skipped="0" failures="0" errors="0" timestamp="2024-11-11T17:39:29" hostname="LUCAS" time="5.402">
  <properties/>
  <testcase name="The user searches for information on all subject" classname="Consult subject information" time="4.404"/>
  <testcase name="The user searches for an existing subject by its code" classname="Consult subject information" time="0.491"/>
  <testcase name="The user searches for a non-existent subject by code" classname="Consult subject information" time="0.506"/>
  <system-out><![CDATA[Response Body: {"id":"2508120","name":"Introducción a la Ingeniería de Sistemas","prerequisites":[],"corequisites":[],"credits":1,"level":1,"summary":"Introducción formal a la ingeniería de sistemas y sus conceptos, aprenderás sobre el hacer, el saber y el ser del ingeniero de sistemas","hoursWeek":2,"usefulResources":{"libro":["en este libro vas a encontrar ....","http://www.google.com"]},"tips":["Aprovecha a preguntar sobre todas las dudas que tengas de la carrera ","Aprovecha esta materia para hacer tus primeros amigos de la carrera!"],"area":"ESP","electiva":null,"state":false,"version":1}
]]></system-out>
  <system-err><![CDATA[[Test worker] INFO  - 
  _____   ___   ___   _____     ___   _____     _     ___   _____   ___   ___  
 |_   _| | __| / __| |_   _|   / __| |_   _|   /_\   | _ \ |_   _| | __| |   \ 
   | |   | _|  \__ \   | |     \__ \   | |    / _ \  |   /   | |   | _|  | |) |
   |_|   |___| |___/   |_|     |___/   |_|   /_/ \_\ |_|_\   |_|   |___| |___/ 

The user searches for information on all subject(consult-subject-information;the-user-searches-for-information-on-all-subject)
--------------------------------------------------------------------------------
[Test worker] INFO  - 
  _____   ___   ___   _____     ___     _     ___   ___   ___   ___  
 |_   _| | __| / __| |_   _|   | _ \   /_\   / __| / __| | __| |   \ 
   | |   | _|  \__ \   | |     |  _/  / _ \  \__ \ \__ \ | _|  | |) |
   |_|   |___| |___/   |_|     |_|   /_/ \_\ |___/ |___/ |___| |___/ 

The user searches for information on all subject
----------------------------------------------------------------------
[Test worker] INFO  - 
  _____   ___   ___   _____     ___   _____     _     ___   _____   ___   ___  
 |_   _| | __| / __| |_   _|   / __| |_   _|   /_\   | _ \ |_   _| | __| |   \ 
   | |   | _|  \__ \   | |     \__ \   | |    / _ \  |   /   | |   | _|  | |) |
   |_|   |___| |___/   |_|     |___/   |_|   /_/ \_\ |_|_\   |_|   |___| |___/ 

The user searches for an existing subject by its code(consult-subject-information;the-user-searches-for-an-existing-subject-by-its-code)
--------------------------------------------------------------------------------
[Test worker] INFO  - 
  _____   ___   ___   _____     ___     _     ___   ___   ___   ___  
 |_   _| | __| / __| |_   _|   | _ \   /_\   / __| / __| | __| |   \ 
   | |   | _|  \__ \   | |     |  _/  / _ \  \__ \ \__ \ | _|  | |) |
   |_|   |___| |___/   |_|     |_|   /_/ \_\ |___/ |___/ |___| |___/ 

The user searches for an existing subject by its code
----------------------------------------------------------------------
[Test worker] INFO  - 
  _____   ___   ___   _____     ___   _____     _     ___   _____   ___   ___  
 |_   _| | __| / __| |_   _|   / __| |_   _|   /_\   | _ \ |_   _| | __| |   \ 
   | |   | _|  \__ \   | |     \__ \   | |    / _ \  |   /   | |   | _|  | |) |
   |_|   |___| |___/   |_|     |___/   |_|   /_/ \_\ |_|_\   |_|   |___| |___/ 

The user searches for a non-existent subject by code(consult-subject-information;the-user-searches-for-a-non-existent-subject-by-code)
--------------------------------------------------------------------------------
[Test worker] INFO  - 
  _____   ___   ___   _____     ___     _     ___   ___   ___   ___  
 |_   _| | __| / __| |_   _|   | _ \   /_\   / __| / __| | __| |   \ 
   | |   | _|  \__ \   | |     |  _/  / _ \  \__ \ \__ \ | _|  | |) |
   |_|   |___| |___/   |_|     |_|   /_/ \_\ |___/ |___/ |___| |___/ 

The user searches for a non-existent subject by code
----------------------------------------------------------------------
]]></system-err>
</testsuite>
